1
0
1
ASSEMBLY
1
BEAM-1
BEAM
1
BEAM-1
11
1 1
2 2
3 3
4 4
5 5
6 6
7 7
8 8
9 9
10 10
11 11
1 1
2 2
3 3
4 4
5 5
6 6
7 7
8 8
9 9
10 10
11 11
0
1
BEAM-1
10
3 1
4 2
5 3
6 4
7 5
8 6
9 7
10 8
11 9
12 10
1 3
2 4
3 5
4 6
5 7
6 8
7 9
8 10
9 11
10 12
2
1 1
2 2
1 1
2 2
3

0
2
0
2

2
1 2 
BEAM-1
10
3 4 5 6 7 8 9 10 11 12 
0
_PICKEDSET6_M1_
0
1
1
1 
0
0
_PICKEDSET7_M2_
0
1
1
2 
0
0
2
BEAM-1
2
 P       1
0
2
10
3 4 5 6 7 8 9 10 11 12 
0
0
_PICKEDSET2
0
2
10
3 4 5 6 7 8 9 10 11 12 
0
0
0

1
 P       0
0
2
2
1 2 
0
0
0
4

0
2
0
1
BEAM-1
11
1 2 3 4 5 6 7 8 9 10 11 
0
SENSOR_NODES
0
1
0
1
BEAM-1
11
1 2 3 4 5 6 7 8 9 10 11 
0
_PICKEDSET4
0
2
0
1
BEAM-1
1
1 
0
_PICKEDSET5
0
2
0
1
BEAM-1
1
11 
0
1
BEAM-1
2
 P       1
0
2
11
1 2 3 4 5 6 7 8 9 10 11 
0
0
_PICKEDSET2
0
2
11
1 2 3 4 5 6 7 8 9 10 11 
0
0
0
0
0
